This file contains any messages produced by compilers while
running configure, to aid debugging if configure makes a mistake.

It was created by spawnvpn configure 0.2.3, which was
generated by GNU Autoconf 2.61.  Invocation command line was

  $ ./configure 

## --------- ##
## Platform. ##
## --------- ##

hostname = lemellap-MS-1034
uname -m = x86_64
uname -r = 3.5.0-17-generic
uname -s = Linux
uname -v = #28-Ubuntu SMP Tue Oct 9 19:31:23 UTC 2012

/usr/bin/uname -p = unknown
/bin/uname -X     = unknown

/bin/arch              = unknown
/usr/bin/arch -k       = unknown
/usr/convex/getsysinfo = unknown
/usr/bin/hostinfo      = unknown
/bin/machine           = unknown
/usr/bin/oslevel       = unknown
/bin/universe          = unknown

PATH: /usr/lib/lightdm/lightdm
PATH: /usr/local/sbin
PATH: /usr/local/bin
PATH: /usr/sbin
PATH: /usr/bin
PATH: /sbin
PATH: /bin
PATH: /usr/games
PATH: /usr/local/games


## ----------- ##
## Core tests. ##
## ----------- ##

configure:1774: checking for a BSD-compatible install
configure:1830: result: /usr/bin/install -c
configure:1841: checking whether build environment is sane
configure:1884: result: yes
configure:1912: checking for a thread-safe mkdir -p
configure:1951: result: /bin/mkdir -p
configure:1964: checking for gawk
configure:1980: found /usr/bin/gawk
configure:1991: result: gawk
configure:2002: checking whether make sets $(MAKE)
configure:2023: result: yes
configure:2264: checking for gcc
configure:2280: found /usr/bin/gcc
configure:2291: result: gcc
configure:2529: checking for C compiler version
configure:2536: gcc --version >&5
gcc (Ubuntu/Linaro 4.7.2-2ubuntu1) 4.7.2
Copyright (C) 2012 Free Software Foundation, Inc.
This is free software; see the source for copying conditions.  There is NO
warranty; not even for MERCHANTABILITY or FITNESS FOR A PARTICULAR PURPOSE.

configure:2539: $? = 0
configure:2546: gcc -v >&5
Using built-in specs.
COLLECT_GCC=gcc
COLLECT_LTO_WRAPPER=/usr/lib/gcc/x86_64-linux-gnu/4.7/lto-wrapper
Target: x86_64-linux-gnu
Configured with: ../src/configure -v --with-pkgversion='Ubuntu/Linaro 4.7.2-2ubuntu1' --with-bugurl=file:///usr/share/doc/gcc-4.7/README.Bugs --enable-languages=c,c++,go,fortran,objc,obj-c++ --prefix=/usr --program-suffix=-4.7 --enable-shared --enable-linker-build-id --with-system-zlib --libexecdir=/usr/lib --without-included-gettext --enable-threads=posix --with-gxx-include-dir=/usr/include/c++/4.7 --libdir=/usr/lib --enable-nls --with-sysroot=/ --enable-clocale=gnu --enable-libstdcxx-debug --enable-libstdcxx-time=yes --enable-gnu-unique-object --enable-plugin --enable-objc-gc --disable-werror --with-arch-32=i686 --with-tune=generic --enable-checking=release --build=x86_64-linux-gnu --host=x86_64-linux-gnu --target=x86_64-linux-gnu
Thread model: posix
gcc version 4.7.2 (Ubuntu/Linaro 4.7.2-2ubuntu1) 
configure:2549: $? = 0
configure:2556: gcc -V >&5
gcc: error: unrecognized command line option '-V'
gcc: fatal error: no input files
compilation terminated.
configure:2559: $? = 4
configure:2582: checking for C compiler default output file name
configure:2609: gcc    conftest.c  >&5
configure:2612: $? = 0
configure:2650: result: a.out
configure:2667: checking whether the C compiler works
configure:2677: ./a.out
configure:2680: $? = 0
configure:2697: result: yes
configure:2704: checking whether we are cross compiling
configure:2706: result: no
configure:2709: checking for suffix of executables
configure:2716: gcc -o conftest    conftest.c  >&5
configure:2719: $? = 0
configure:2743: result: 
configure:2749: checking for suffix of object files
configure:2775: gcc -c   conftest.c >&5
configure:2778: $? = 0
configure:2801: result: o
configure:2805: checking whether we are using the GNU C compiler
configure:2834: gcc -c   conftest.c >&5
configure:2840: $? = 0
configure:2857: result: yes
configure:2862: checking whether gcc accepts -g
configure:2892: gcc -c -g  conftest.c >&5
configure:2898: $? = 0
configure:2997: result: yes
configure:3014: checking for gcc option to accept ISO C89
configure:3088: gcc  -c -g -O2  conftest.c >&5
configure:3094: $? = 0
configure:3117: result: none needed
configure:3146: checking for style of include used by make
configure:3174: result: GNU
configure:3199: checking dependency style of gcc
configure:3290: result: gcc3
configure:3318: checking for dirent.h that defines DIR
configure:3347: gcc -c -g -O2  conftest.c >&5
configure:3353: $? = 0
configure:3369: result: yes
configure:3382: checking for library containing opendir
configure:3423: gcc -o conftest -g -O2   conftest.c  >&5
configure:3429: $? = 0
configure:3457: result: none required
configure:3556: checking how to run the C preprocessor
configure:3596: gcc -E  conftest.c
configure:3602: $? = 0
configure:3633: gcc -E  conftest.c
conftest.c:11:28: fatal error: ac_nonexistent.h: No such file or directory
compilation terminated.
configure:3639: $? = 1
configure: failed program was:
| /* confdefs.h.  */
| #define PACKAGE_NAME "spawnvpn"
| #define PACKAGE_TARNAME "spawnvpn"
| #define PACKAGE_VERSION "0.2.3"
| #define PACKAGE_STRING "spawnvpn 0.2.3"
| #define PACKAGE_BUGREPORT "plee@clearpathnet.com"
| #define PACKAGE "spawnvpn"
| #define VERSION "0.2.3"
| #define HAVE_DIRENT_H 1
| /* end confdefs.h.  */
| #include <ac_nonexistent.h>
configure:3672: result: gcc -E
configure:3701: gcc -E  conftest.c
configure:3707: $? = 0
configure:3738: gcc -E  conftest.c
conftest.c:11:28: fatal error: ac_nonexistent.h: No such file or directory
compilation terminated.
configure:3744: $? = 1
configure: failed program was:
| /* confdefs.h.  */
| #define PACKAGE_NAME "spawnvpn"
| #define PACKAGE_TARNAME "spawnvpn"
| #define PACKAGE_VERSION "0.2.3"
| #define PACKAGE_STRING "spawnvpn 0.2.3"
| #define PACKAGE_BUGREPORT "plee@clearpathnet.com"
| #define PACKAGE "spawnvpn"
| #define VERSION "0.2.3"
| #define HAVE_DIRENT_H 1
| /* end confdefs.h.  */
| #include <ac_nonexistent.h>
configure:3782: checking for grep that handles long lines and -e
configure:3856: result: /bin/grep
configure:3861: checking for egrep
configure:3939: result: /bin/grep -E
configure:3944: checking for ANSI C header files
configure:3974: gcc -c -g -O2  conftest.c >&5
configure:3980: $? = 0
configure:4079: gcc -o conftest -g -O2   conftest.c  >&5
configure:4082: $? = 0
configure:4088: ./conftest
configure:4091: $? = 0
configure:4108: result: yes
configure:4132: checking for sys/types.h
configure:4153: gcc -c -g -O2  conftest.c >&5
configure:4159: $? = 0
configure:4175: result: yes
configure:4132: checking for sys/stat.h
configure:4153: gcc -c -g -O2  conftest.c >&5
configure:4159: $? = 0
configure:4175: result: yes
configure:4132: checking for stdlib.h
configure:4153: gcc -c -g -O2  conftest.c >&5
configure:4159: $? = 0
configure:4175: result: yes
configure:4132: checking for string.h
configure:4153: gcc -c -g -O2  conftest.c >&5
configure:4159: $? = 0
configure:4175: result: yes
configure:4132: checking for memory.h
configure:4153: gcc -c -g -O2  conftest.c >&5
configure:4159: $? = 0
configure:4175: result: yes
configure:4132: checking for strings.h
configure:4153: gcc -c -g -O2  conftest.c >&5
configure:4159: $? = 0
configure:4175: result: yes
configure:4132: checking for inttypes.h
configure:4153: gcc -c -g -O2  conftest.c >&5
configure:4159: $? = 0
configure:4175: result: yes
configure:4132: checking for stdint.h
configure:4153: gcc -c -g -O2  conftest.c >&5
configure:4159: $? = 0
configure:4175: result: yes
configure:4132: checking for unistd.h
configure:4153: gcc -c -g -O2  conftest.c >&5
configure:4159: $? = 0
configure:4175: result: yes
configure:4194: checking for stdlib.h
configure:4200: result: yes
configure:4194: checking for string.h
configure:4200: result: yes
configure:4194: checking for unistd.h
configure:4200: result: yes
configure:4336: checking for an ANSI C-conforming const
configure:4411: gcc -c -g -O2  conftest.c >&5
configure:4417: $? = 0
configure:4432: result: yes
configure:4442: checking for pid_t
configure:4472: gcc -c -g -O2  conftest.c >&5
configure:4478: $? = 0
configure:4493: result: yes
configure:4522: checking vfork.h usability
configure:4539: gcc -c -g -O2  conftest.c >&5
conftest.c:57:19: fatal error: vfork.h: No such file or directory
compilation terminated.
configure:4545: $? = 1
configure: failed program was:
| /* confdefs.h.  */
| #define PACKAGE_NAME "spawnvpn"
| #define PACKAGE_TARNAME "spawnvpn"
| #define PACKAGE_VERSION "0.2.3"
| #define PACKAGE_STRING "spawnvpn 0.2.3"
| #define PACKAGE_BUGREPORT "plee@clearpathnet.com"
| #define PACKAGE "spawnvpn"
| #define VERSION "0.2.3"
| #define HAVE_DIRENT_H 1
| #define STDC_HEADERS 1
| #define HAVE_SYS_TYPES_H 1
| #define HAVE_SYS_STAT_H 1
| #define HAVE_STDLIB_H 1
| #define HAVE_STRING_H 1
| #define HAVE_MEMORY_H 1
| #define HAVE_STRINGS_H 1
| #define HAVE_INTTYPES_H 1
| #define HAVE_STDINT_H 1
| #define HAVE_UNISTD_H 1
| #define HAVE_STDLIB_H 1
| #define HAVE_STRING_H 1
| #define HAVE_UNISTD_H 1
| /* end confdefs.h.  */
| #include <stdio.h>
| #ifdef HAVE_SYS_TYPES_H
| # include <sys/types.h>
| #endif
| #ifdef HAVE_SYS_STAT_H
| # include <sys/stat.h>
| #endif
| #ifdef STDC_HEADERS
| # include <stdlib.h>
| # include <stddef.h>
| #else
| # ifdef HAVE_STDLIB_H
| #  include <stdlib.h>
| # endif
| #endif
| #ifdef HAVE_STRING_H
| # if !defined STDC_HEADERS && defined HAVE_MEMORY_H
| #  include <memory.h>
| # endif
| # include <string.h>
| #endif
| #ifdef HAVE_STRINGS_H
| # include <strings.h>
| #endif
| #ifdef HAVE_INTTYPES_H
| # include <inttypes.h>
| #endif
| #ifdef HAVE_STDINT_H
| # include <stdint.h>
| #endif
| #ifdef HAVE_UNISTD_H
| # include <unistd.h>
| #endif
| #include <vfork.h>
configure:4559: result: no
configure:4563: checking vfork.h presence
configure:4578: gcc -E  conftest.c
conftest.c:24:19: fatal error: vfork.h: No such file or directory
compilation terminated.
configure:4584: $? = 1
configure: failed program was:
| /* confdefs.h.  */
| #define PACKAGE_NAME "spawnvpn"
| #define PACKAGE_TARNAME "spawnvpn"
| #define PACKAGE_VERSION "0.2.3"
| #define PACKAGE_STRING "spawnvpn 0.2.3"
| #define PACKAGE_BUGREPORT "plee@clearpathnet.com"
| #define PACKAGE "spawnvpn"
| #define VERSION "0.2.3"
| #define HAVE_DIRENT_H 1
| #define STDC_HEADERS 1
| #define HAVE_SYS_TYPES_H 1
| #define HAVE_SYS_STAT_H 1
| #define HAVE_STDLIB_H 1
| #define HAVE_STRING_H 1
| #define HAVE_MEMORY_H 1
| #define HAVE_STRINGS_H 1
| #define HAVE_INTTYPES_H 1
| #define HAVE_STDINT_H 1
| #define HAVE_UNISTD_H 1
| #define HAVE_STDLIB_H 1
| #define HAVE_STRING_H 1
| #define HAVE_UNISTD_H 1
| /* end confdefs.h.  */
| #include <vfork.h>
configure:4598: result: no
configure:4631: checking for vfork.h
configure:4639: result: no
configure:4657: checking for fork
configure:4713: gcc -o conftest -g -O2   conftest.c  >&5
conftest.c:47:6: warning: conflicting types for built-in function 'fork' [enabled by default]
configure:4719: $? = 0
configure:4737: result: yes
configure:4657: checking for vfork
configure:4713: gcc -o conftest -g -O2   conftest.c  >&5
configure:4719: $? = 0
configure:4737: result: yes
configure:4748: checking for working fork
configure:4780: gcc -o conftest -g -O2   conftest.c  >&5
configure:4783: $? = 0
configure:4789: ./conftest
configure:4792: $? = 0
configure:4808: result: yes
configure:4829: checking for working vfork
configure:4967: result: yes
configure:5003: checking for stdlib.h
configure:5009: result: yes
configure:5143: checking for GNU libc compatible malloc
configure:5177: gcc -o conftest -g -O2   conftest.c  >&5
configure:5180: $? = 0
configure:5186: ./conftest
configure:5189: $? = 0
configure:5205: result: yes
configure:5233: checking return type of signal handlers
configure:5261: gcc -c -g -O2  conftest.c >&5
conftest.c: In function 'main':
conftest.c:36:1: error: void value not ignored as it ought to be
configure:5267: $? = 1
configure: failed program was:
| /* confdefs.h.  */
| #define PACKAGE_NAME "spawnvpn"
| #define PACKAGE_TARNAME "spawnvpn"
| #define PACKAGE_VERSION "0.2.3"
| #define PACKAGE_STRING "spawnvpn 0.2.3"
| #define PACKAGE_BUGREPORT "plee@clearpathnet.com"
| #define PACKAGE "spawnvpn"
| #define VERSION "0.2.3"
| #define HAVE_DIRENT_H 1
| #define STDC_HEADERS 1
| #define HAVE_SYS_TYPES_H 1
| #define HAVE_SYS_STAT_H 1
| #define HAVE_STDLIB_H 1
| #define HAVE_STRING_H 1
| #define HAVE_MEMORY_H 1
| #define HAVE_STRINGS_H 1
| #define HAVE_INTTYPES_H 1
| #define HAVE_STDINT_H 1
| #define HAVE_UNISTD_H 1
| #define HAVE_STDLIB_H 1
| #define HAVE_STRING_H 1
| #define HAVE_UNISTD_H 1
| #define HAVE_FORK 1
| #define HAVE_VFORK 1
| #define HAVE_WORKING_VFORK 1
| #define HAVE_WORKING_FORK 1
| #define HAVE_STDLIB_H 1
| #define HAVE_MALLOC 1
| /* end confdefs.h.  */
| #include <sys/types.h>
| #include <signal.h>
| 
| int
| main ()
| {
| return *(signal (0, 0)) (0) == 1;
|   ;
|   return 0;
| }
configure:5282: result: void
configure:5290: checking whether lstat dereferences a symlink specified with a trailing slash
configure:5326: gcc -o conftest -g -O2   conftest.c  >&5
configure:5329: $? = 0
configure:5335: ./conftest
configure:5338: $? = 0
configure:5361: result: yes
configure:5380: checking whether stat accepts an empty string
configure:5410: gcc -o conftest -g -O2   conftest.c  >&5
configure:5413: $? = 0
configure:5419: ./conftest
configure:5422: $? = 0
configure:5438: result: no
configure:5459: checking for strdup
configure:5515: gcc -o conftest -g -O2   conftest.c  >&5
conftest.c:55:6: warning: conflicting types for built-in function 'strdup' [enabled by default]
configure:5521: $? = 0
configure:5539: result: yes
configure:5459: checking for strstr
configure:5515: gcc -o conftest -g -O2   conftest.c  >&5
conftest.c:56:6: warning: conflicting types for built-in function 'strstr' [enabled by default]
configure:5521: $? = 0
configure:5539: result: yes
configure:5666: creating ./config.status

## ---------------------- ##
## Running config.status. ##
## ---------------------- ##

This file was extended by spawnvpn config.status 0.2.3, which was
generated by GNU Autoconf 2.61.  Invocation command line was

  CONFIG_FILES    = 
  CONFIG_HEADERS  = 
  CONFIG_LINKS    = 
  CONFIG_COMMANDS = 
  $ ./config.status 

on lemellap-MS-1034

config.status:636: creating Makefile
config.status:636: creating src/Makefile
config.status:636: creating config.h
config.status:923: executing depfiles commands

## ---------------- ##
## Cache variables. ##
## ---------------- ##

ac_cv_c_compiler_gnu=yes
ac_cv_c_const=yes
ac_cv_env_CC_set=
ac_cv_env_CC_value=
ac_cv_env_CFLAGS_set=
ac_cv_env_CFLAGS_value=
ac_cv_env_CPPFLAGS_set=
ac_cv_env_CPPFLAGS_value=
ac_cv_env_CPP_set=
ac_cv_env_CPP_value=
ac_cv_env_LDFLAGS_set=
ac_cv_env_LDFLAGS_value=
ac_cv_env_LIBS_set=
ac_cv_env_LIBS_value=
ac_cv_env_build_alias_set=
ac_cv_env_build_alias_value=
ac_cv_env_host_alias_set=
ac_cv_env_host_alias_value=
ac_cv_env_target_alias_set=
ac_cv_env_target_alias_value=
ac_cv_func_fork=yes
ac_cv_func_fork_works=yes
ac_cv_func_lstat_dereferences_slashed_symlink=yes
ac_cv_func_malloc_0_nonnull=yes
ac_cv_func_stat_empty_string_bug=no
ac_cv_func_strdup=yes
ac_cv_func_strstr=yes
ac_cv_func_vfork=yes
ac_cv_func_vfork_works=yes
ac_cv_header_dirent_dirent_h=yes
ac_cv_header_inttypes_h=yes
ac_cv_header_memory_h=yes
ac_cv_header_stdc=yes
ac_cv_header_stdint_h=yes
ac_cv_header_stdlib_h=yes
ac_cv_header_string_h=yes
ac_cv_header_strings_h=yes
ac_cv_header_sys_stat_h=yes
ac_cv_header_sys_types_h=yes
ac_cv_header_unistd_h=yes
ac_cv_header_vfork_h=no
ac_cv_objext=o
ac_cv_path_EGREP='/bin/grep -E'
ac_cv_path_GREP=/bin/grep
ac_cv_path_install='/usr/bin/install -c'
ac_cv_path_mkdir=/bin/mkdir
ac_cv_prog_AWK=gawk
ac_cv_prog_CPP='gcc -E'
ac_cv_prog_ac_ct_CC=gcc
ac_cv_prog_cc_c89=
ac_cv_prog_cc_g=yes
ac_cv_prog_make_make_set=yes
ac_cv_search_opendir='none required'
ac_cv_type_pid_t=yes
ac_cv_type_signal=void
am_cv_CC_dependencies_compiler_type=gcc3

## ----------------- ##
## Output variables. ##
## ----------------- ##

ACLOCAL='${SHELL} /home/lemel-lap/newspawn/spawnvpn-master/missing --run aclocal-1.10'
AMDEPBACKSLASH='\'
AMDEP_FALSE='#'
AMDEP_TRUE=''
AMTAR='${SHELL} /home/lemel-lap/newspawn/spawnvpn-master/missing --run tar'
AUTOCONF='${SHELL} /home/lemel-lap/newspawn/spawnvpn-master/missing --run autoconf'
AUTOHEADER='${SHELL} /home/lemel-lap/newspawn/spawnvpn-master/missing --run autoheader'
AUTOMAKE='${SHELL} /home/lemel-lap/newspawn/spawnvpn-master/missing --run automake-1.10'
AWK='gawk'
CC='gcc'
CCDEPMODE='depmode=gcc3'
CFLAGS='-g -O2'
CPP='gcc -E'
CPPFLAGS=''
CYGPATH_W='echo'
DEFS='-DHAVE_CONFIG_H'
DEPDIR='.deps'
ECHO_C=''
ECHO_N='-n'
ECHO_T=''
EGREP='/bin/grep -E'
EXEEXT=''
GREP='/bin/grep'
INSTALL_DATA='${INSTALL} -m 644'
INSTALL_PROGRAM='${INSTALL}'
INSTALL_SCRIPT='${INSTALL}'
INSTALL_STRIP_PROGRAM='$(install_sh) -c -s'
LDFLAGS=''
LIBOBJS=''
LIBS=''
LTLIBOBJS=''
MAKEINFO='${SHELL} /home/lemel-lap/newspawn/spawnvpn-master/missing --run makeinfo'
OBJEXT='o'
PACKAGE='spawnvpn'
PACKAGE_BUGREPORT='plee@clearpathnet.com'
PACKAGE_NAME='spawnvpn'
PACKAGE_STRING='spawnvpn 0.2.3'
PACKAGE_TARNAME='spawnvpn'
PACKAGE_VERSION='0.2.3'
PATH_SEPARATOR=':'
SET_MAKE=''
SHELL='/bin/bash'
STRIP=''
VERSION='0.2.3'
ac_ct_CC='gcc'
am__fastdepCC_FALSE='#'
am__fastdepCC_TRUE=''
am__include='include'
am__isrc=''
am__leading_dot='.'
am__quote=''
am__tar='${AMTAR} chof - "$$tardir"'
am__untar='${AMTAR} xf -'
bindir='${exec_prefix}/bin'
build_alias=''
datadir='${datarootdir}'
datarootdir='${prefix}/share'
docdir='${datarootdir}/doc/${PACKAGE_TARNAME}'
dvidir='${docdir}'
exec_prefix='${prefix}'
host_alias=''
htmldir='${docdir}'
includedir='${prefix}/include'
infodir='${datarootdir}/info'
install_sh='$(SHELL) /home/lemel-lap/newspawn/spawnvpn-master/install-sh'
libdir='${exec_prefix}/lib'
libexecdir='${exec_prefix}/libexec'
localedir='${datarootdir}/locale'
localstatedir='${prefix}/var'
mandir='${datarootdir}/man'
mkdir_p='/bin/mkdir -p'
oldincludedir='/usr/include'
pdfdir='${docdir}'
prefix='/usr/local'
program_transform_name='s,x,x,'
psdir='${docdir}'
sbindir='${exec_prefix}/sbin'
sharedstatedir='${prefix}/com'
sysconfdir='${prefix}/etc'
target_alias=''

## ----------- ##
## confdefs.h. ##
## ----------- ##

#define PACKAGE_NAME "spawnvpn"
#define PACKAGE_TARNAME "spawnvpn"
#define PACKAGE_VERSION "0.2.3"
#define PACKAGE_STRING "spawnvpn 0.2.3"
#define PACKAGE_BUGREPORT "plee@clearpathnet.com"
#define PACKAGE "spawnvpn"
#define VERSION "0.2.3"
#define HAVE_DIRENT_H 1
#define STDC_HEADERS 1
#define HAVE_SYS_TYPES_H 1
#define HAVE_SYS_STAT_H 1
#define HAVE_STDLIB_H 1
#define HAVE_STRING_H 1
#define HAVE_MEMORY_H 1
#define HAVE_STRINGS_H 1
#define HAVE_INTTYPES_H 1
#define HAVE_STDINT_H 1
#define HAVE_UNISTD_H 1
#define HAVE_STDLIB_H 1
#define HAVE_STRING_H 1
#define HAVE_UNISTD_H 1
#define HAVE_FORK 1
#define HAVE_VFORK 1
#define HAVE_WORKING_VFORK 1
#define HAVE_WORKING_FORK 1
#define HAVE_STDLIB_H 1
#define HAVE_MALLOC 1
#define RETSIGTYPE void
#define LSTAT_FOLLOWS_SLASHED_SYMLINK 1
#define HAVE_STRDUP 1
#define HAVE_STRSTR 1

configure: exit 0

## ---------------------- ##
## Running config.status. ##
## ---------------------- ##

This file was extended by spawnvpn config.status 0.2.3, which was
generated by GNU Autoconf 2.61.  Invocation command line was

  CONFIG_FILES    = 
  CONFIG_HEADERS  = 
  CONFIG_LINKS    = 
  CONFIG_COMMANDS = 
  $ ./config.status 

on lemellap-MS-1034

config.status:636: creating Makefile
config.status:636: creating src/Makefile
config.status:636: creating config.h
config.status:876: config.h is unchanged
config.status:923: executing depfiles commands

## ---------------------- ##
## Running config.status. ##
## ---------------------- ##

This file was extended by spawnvpn config.status 0.2.3, which was
generated by GNU Autoconf 2.61.  Invocation command line was

  CONFIG_FILES    = 
  CONFIG_HEADERS  = 
  CONFIG_LINKS    = 
  CONFIG_COMMANDS = 
  $ ./config.status config.h

on lemellap-MS-1034

config.status:636: creating config.h
